This is pdfTeX, Version 3.14159265-2.6-1.40.21 (TeX Live 2020) (preloaded format=pdflatex 2020.12.21)  7 JAN 2024 00:05
entering extended mode
 restricted \write18 enabled.
 file:line:error style messages enabled.
 %&-line parsing enabled.
**paper.tex
(./paper.tex
LaTeX2e <2020-02-02> patch level 5
L3 programming layer <2020-03-06>
(/usr/local/texlive/2020/texmf-dist/tex/latex/base/article.cls
Document Class: article 2019/12/20 v1.4l Standard LaTeX document class
(/usr/local/texlive/2020/texmf-dist/tex/latex/base/size10.clo
File: size10.clo 2019/12/20 v1.4l Standard LaTeX file (size option)
)
\c@part=\count167
\c@section=\count168
\c@subsection=\count169
\c@subsubsection=\count170
\c@paragraph=\count171
\c@subparagraph=\count172
\c@figure=\count173
\c@table=\count174
\abovecaptionskip=\skip47
\belowcaptionskip=\skip48
\bibindent=\dimen134
)
(/usr/local/texlive/2020/texmf-dist/tex/latex/lm/lmodern.sty
Package: lmodern 2009/10/30 v1.6 Latin Modern Fonts
LaTeX Font Info:    Overwriting symbol font `operators' in version `normal'
(Font)                  OT1/cmr/m/n --> OT1/lmr/m/n on input line 22.
LaTeX Font Info:    Overwriting symbol font `letters' in version `normal'
(Font)                  OML/cmm/m/it --> OML/lmm/m/it on input line 23.
LaTeX Font Info:    Overwriting symbol font `symbols' in version `normal'
(Font)                  OMS/cmsy/m/n --> OMS/lmsy/m/n on input line 24.
LaTeX Font Info:    Overwriting symbol font `largesymbols' in version `normal'
(Font)                  OMX/cmex/m/n --> OMX/lmex/m/n on input line 25.
LaTeX Font Info:    Overwriting symbol font `operators' in version `bold'
(Font)                  OT1/cmr/bx/n --> OT1/lmr/bx/n on input line 26.
LaTeX Font Info:    Overwriting symbol font `letters' in version `bold'
(Font)                  OML/cmm/b/it --> OML/lmm/b/it on input line 27.
LaTeX Font Info:    Overwriting symbol font `symbols' in version `bold'
(Font)                  OMS/cmsy/b/n --> OMS/lmsy/b/n on input line 28.
LaTeX Font Info:    Overwriting symbol font `largesymbols' in version `bold'
(Font)                  OMX/cmex/m/n --> OMX/lmex/m/n on input line 29.
LaTeX Font Info:    Overwriting math alphabet `\mathbf' in version `normal'
(Font)                  OT1/cmr/bx/n --> OT1/lmr/bx/n on input line 31.
LaTeX Font Info:    Overwriting math alphabet `\mathsf' in version `normal'
(Font)                  OT1/cmss/m/n --> OT1/lmss/m/n on input line 32.
LaTeX Font Info:    Overwriting math alphabet `\mathit' in version `normal'
(Font)                  OT1/cmr/m/it --> OT1/lmr/m/it on input line 33.
LaTeX Font Info:    Overwriting math alphabet `\mathtt' in version `normal'
(Font)                  OT1/cmtt/m/n --> OT1/lmtt/m/n on input line 34.
LaTeX Font Info:    Overwriting math alphabet `\mathbf' in version `bold'
(Font)                  OT1/cmr/bx/n --> OT1/lmr/bx/n on input line 35.
LaTeX Font Info:    Overwriting math alphabet `\mathsf' in version `bold'
(Font)                  OT1/cmss/bx/n --> OT1/lmss/bx/n on input line 36.
LaTeX Font Info:    Overwriting math alphabet `\mathit' in version `bold'
(Font)                  OT1/cmr/bx/it --> OT1/lmr/bx/it on input line 37.
LaTeX Font Info:    Overwriting math alphabet `\mathtt' in version `bold'
(Font)                  OT1/cmtt/m/n --> OT1/lmtt/m/n on input line 38.
)
(/usr/local/texlive/2020/texmf-dist/tex/latex/amsfonts/amssymb.sty
Package: amssymb 2013/01/14 v3.01 AMS font symbols

(/usr/local/texlive/2020/texmf-dist/tex/latex/amsfonts/amsfonts.sty
Package: amsfonts 2013/01/14 v3.01 Basic AMSFonts support
\@emptytoks=\toks15
\symAMSa=\mathgroup4
\symAMSb=\mathgroup5
LaTeX Font Info:    Redeclaring math symbol \hbar on input line 98.
LaTeX Font Info:    Overwriting math alphabet `\mathfrak' in version `bold'
(Font)                  U/euf/m/n --> U/euf/b/n on input line 106.
))
(/usr/local/texlive/2020/texmf-dist/tex/latex/amsmath/amsmath.sty
Package: amsmath 2020/01/20 v2.17e AMS math features
\@mathmargin=\skip49

For additional information on amsmath, use the `?' option.
(/usr/local/texlive/2020/texmf-dist/tex/latex/amsmath/amstext.sty
Package: amstext 2000/06/29 v2.01 AMS text

(/usr/local/texlive/2020/texmf-dist/tex/latex/amsmath/amsgen.sty
File: amsgen.sty 1999/11/30 v2.0 generic functions
\@emptytoks=\toks16
\ex@=\dimen135
))
(/usr/local/texlive/2020/texmf-dist/tex/latex/amsmath/amsbsy.sty
Package: amsbsy 1999/11/29 v1.2d Bold Symbols
\pmbraise@=\dimen136
)
(/usr/local/texlive/2020/texmf-dist/tex/latex/amsmath/amsopn.sty
Package: amsopn 2016/03/08 v2.02 operator names
)
\inf@bad=\count175
LaTeX Info: Redefining \frac on input line 227.
\uproot@=\count176
\leftroot@=\count177
LaTeX Info: Redefining \overline on input line 389.
\classnum@=\count178
\DOTSCASE@=\count179
LaTeX Info: Redefining \ldots on input line 486.
LaTeX Info: Redefining \dots on input line 489.
LaTeX Info: Redefining \cdots on input line 610.
\Mathstrutbox@=\box45
\strutbox@=\box46
\big@size=\dimen137
LaTeX Font Info:    Redeclaring font encoding OML on input line 733.
LaTeX Font Info:    Redeclaring font encoding OMS on input line 734.
\macc@depth=\count180
\c@MaxMatrixCols=\count181
\dotsspace@=\muskip16
\c@parentequation=\count182
\dspbrk@lvl=\count183
\tag@help=\toks17
\row@=\count184
\column@=\count185
\maxfields@=\count186
\andhelp@=\toks18
\eqnshift@=\dimen138
\alignsep@=\dimen139
\tagshift@=\dimen140
\tagwidth@=\dimen141
\totwidth@=\dimen142
\lineht@=\dimen143
\@envbody=\toks19
\multlinegap=\skip50
\multlinetaggap=\skip51
\mathdisplay@stack=\toks20
LaTeX Info: Redefining \[ on input line 2859.
LaTeX Info: Redefining \] on input line 2860.
)
(/usr/local/texlive/2020/texmf-dist/tex/generic/iftex/ifxetex.sty
Package: ifxetex 2019/10/25 v0.7 ifxetex legacy package. Use iftex instead.

(/usr/local/texlive/2020/texmf-dist/tex/generic/iftex/iftex.sty
Package: iftex 2020/03/06 v1.0d TeX engine tests
))
(/usr/local/texlive/2020/texmf-dist/tex/generic/iftex/ifluatex.sty
Package: ifluatex 2019/10/25 v1.5 ifluatex legacy package. Use iftex instead.
)
(/usr/local/texlive/2020/texmf-dist/tex/latex/base/fontenc.sty
Package: fontenc 2020/02/11 v2.0o Standard LaTeX package
LaTeX Font Info:    Trying to load font information for T1+lmr on input line 11
2.

(/usr/local/texlive/2020/texmf-dist/tex/latex/lm/t1lmr.fd
File: t1lmr.fd 2009/10/30 v1.6 Font defs for Latin Modern
))
(/usr/local/texlive/2020/texmf-dist/tex/latex/base/inputenc.sty
Package: inputenc 2018/08/11 v1.3c Input encoding file
\inpenc@prehook=\toks21
\inpenc@posthook=\toks22
)
(/usr/local/texlive/2020/texmf-dist/tex/latex/base/textcomp.sty
Package: textcomp 2020/02/02 v2.0n Standard LaTeX package
)
(/usr/local/texlive/2020/texmf-dist/tex/latex/upquote/upquote.sty
Package: upquote 2012/04/19 v1.3 upright-quote and grave-accent glyphs in verba
tim
)
(/usr/local/texlive/2020/texmf-dist/tex/latex/microtype/microtype.sty
Package: microtype 2019/11/18 v2.7d Micro-typographical refinements (RS)

(/usr/local/texlive/2020/texmf-dist/tex/latex/graphics/keyval.sty
Package: keyval 2014/10/28 v1.15 key=value parser (DPC)
\KV@toks@=\toks23
)
\MT@toks=\toks24
\MT@count=\count187
LaTeX Info: Redefining \textls on input line 790.
\MT@outer@kern=\dimen144
LaTeX Info: Redefining \textmicrotypecontext on input line 1354.
\MT@listname@count=\count188

(/usr/local/texlive/2020/texmf-dist/tex/latex/microtype/microtype-pdftex.def
File: microtype-pdftex.def 2019/11/18 v2.7d Definitions specific to pdftex (RS)

LaTeX Info: Redefining \lsstyle on input line 914.
LaTeX Info: Redefining \lslig on input line 914.
\MT@outer@space=\skip52
)
Package microtype Info: Loading configuration file microtype.cfg.

(/usr/local/texlive/2020/texmf-dist/tex/latex/microtype/microtype.cfg
File: microtype.cfg 2019/11/18 v2.7d microtype main configuration file (RS)
))
(/usr/local/texlive/2020/texmf-dist/tex/latex/parskip/parskip.sty
Package: parskip 2020-01-22 v2.0d non-zero parskip adjustments

(/usr/local/texlive/2020/texmf-dist/tex/latex/kvoptions/kvoptions.sty
Package: kvoptions 2019/11/29 v3.13 Key value format for package options (HO)

(/usr/local/texlive/2020/texmf-dist/tex/generic/ltxcmds/ltxcmds.sty
Package: ltxcmds 2019/12/15 v1.24 LaTeX kernel commands for general use (HO)
)
(/usr/local/texlive/2020/texmf-dist/tex/generic/kvsetkeys/kvsetkeys.sty
Package: kvsetkeys 2019/12/15 v1.18 Key value parser (HO)
))
(/usr/local/texlive/2020/texmf-dist/tex/latex/etoolbox/etoolbox.sty
Package: etoolbox 2019/09/21 v2.5h e-TeX tools for LaTeX (JAW)
\etb@tempcnta=\count189
))
(/usr/local/texlive/2020/texmf-dist/tex/latex/xcolor/xcolor.sty
Package: xcolor 2016/05/11 v2.12 LaTeX color extensions (UK)

(/usr/local/texlive/2020/texmf-dist/tex/latex/graphics-cfg/color.cfg
File: color.cfg 2016/01/02 v1.6 sample color configuration
)
Package xcolor Info: Driver file: pdftex.def on input line 225.

(/usr/local/texlive/2020/texmf-dist/tex/latex/graphics-def/pdftex.def
File: pdftex.def 2018/01/08 v1.0l Graphics/color driver for pdftex
)
Package xcolor Info: Model `cmy' substituted by `cmy0' on input line 1348.
Package xcolor Info: Model `hsb' substituted by `rgb' on input line 1352.
Package xcolor Info: Model `RGB' extended on input line 1364.
Package xcolor Info: Model `HTML' substituted by `rgb' on input line 1366.
Package xcolor Info: Model `Hsb' substituted by `hsb' on input line 1367.
Package xcolor Info: Model `tHsb' substituted by `hsb' on input line 1368.
Package xcolor Info: Model `HSB' substituted by `hsb' on input line 1369.
Package xcolor Info: Model `Gray' substituted by `gray' on input line 1370.
Package xcolor Info: Model `wave' substituted by `hsb' on input line 1371.
)
(/usr/local/texlive/2020/texmf-dist/tex/latex/xurl/xurl.sty
Package: xurl 2020/01/24 v 0.09 modify URL breaks

(/usr/local/texlive/2020/texmf-dist/tex/latex/url/url.sty
\Urlmuskip=\muskip17
Package: url 2013/09/16  ver 3.4  Verb mode for urls, etc.
))
(/usr/local/texlive/2020/texmf-dist/tex/latex/bookmark/bookmark.sty
Package: bookmark 2019/12/03 v1.28 PDF bookmarks (HO)

(/usr/local/texlive/2020/texmf-dist/tex/latex/hyperref/hyperref.sty
Package: hyperref 2020/01/14 v7.00d Hypertext links for LaTeX

(/usr/local/texlive/2020/texmf-dist/tex/latex/pdftexcmds/pdftexcmds.sty
Package: pdftexcmds 2019/11/24 v0.31 Utility functions of pdfTeX for LuaTeX (HO
)

(/usr/local/texlive/2020/texmf-dist/tex/generic/infwarerr/infwarerr.sty
Package: infwarerr 2019/12/03 v1.5 Providing info/warning/error messages (HO)
)
Package pdftexcmds Info: \pdf@primitive is available.
Package pdftexcmds Info: \pdf@ifprimitive is available.
Package pdftexcmds Info: \pdfdraftmode found.
)
(/usr/local/texlive/2020/texmf-dist/tex/generic/kvdefinekeys/kvdefinekeys.sty
Package: kvdefinekeys 2019-12-19 v1.6 Define keys (HO)
)
(/usr/local/texlive/2020/texmf-dist/tex/generic/pdfescape/pdfescape.sty
Package: pdfescape 2019/12/09 v1.15 Implements pdfTeX's escape features (HO)
)
(/usr/local/texlive/2020/texmf-dist/tex/latex/hycolor/hycolor.sty
Package: hycolor 2020-01-27 v1.10 Color options for hyperref/bookmark (HO)
)
(/usr/local/texlive/2020/texmf-dist/tex/latex/letltxmacro/letltxmacro.sty
Package: letltxmacro 2019/12/03 v1.6 Let assignment for LaTeX macros (HO)
)
(/usr/local/texlive/2020/texmf-dist/tex/latex/auxhook/auxhook.sty
Package: auxhook 2019-12-17 v1.6 Hooks for auxiliary files (HO)
)
\@linkdim=\dimen145
\Hy@linkcounter=\count190
\Hy@pagecounter=\count191

(/usr/local/texlive/2020/texmf-dist/tex/latex/hyperref/pd1enc.def
File: pd1enc.def 2020/01/14 v7.00d Hyperref: PDFDocEncoding definition (HO)
Now handling font encoding PD1 ...
... no UTF-8 mapping file for font encoding PD1
)
(/usr/local/texlive/2020/texmf-dist/tex/generic/intcalc/intcalc.sty
Package: intcalc 2019/12/15 v1.3 Expandable calculations with integers (HO)
)
(/usr/local/texlive/2020/texmf-dist/tex/generic/etexcmds/etexcmds.sty
Package: etexcmds 2019/12/15 v1.7 Avoid name clashes with e-TeX commands (HO)
)
\Hy@SavedSpaceFactor=\count192
Package hyperref Info: Option `unicode' set `true' on input line 4421.

(/usr/local/texlive/2020/texmf-dist/tex/latex/hyperref/puenc.def
File: puenc.def 2020/01/14 v7.00d Hyperref: PDF Unicode definition (HO)
Now handling font encoding PU ...
... no UTF-8 mapping file for font encoding PU
)
Package hyperref Info: Hyper figures OFF on input line 4547.
Package hyperref Info: Link nesting OFF on input line 4552.
Package hyperref Info: Hyper index ON on input line 4555.
Package hyperref Info: Plain pages OFF on input line 4562.
Package hyperref Info: Backreferencing OFF on input line 4567.
Package hyperref Info: Implicit mode ON; LaTeX internals redefined.
Package hyperref Info: Bookmarks ON on input line 4800.
\c@Hy@tempcnt=\count193
LaTeX Info: Redefining \url on input line 5159.
\XeTeXLinkMargin=\dimen146

(/usr/local/texlive/2020/texmf-dist/tex/generic/bitset/bitset.sty
Package: bitset 2019/12/09 v1.3 Handle bit-vector datatype (HO)

(/usr/local/texlive/2020/texmf-dist/tex/generic/bigintcalc/bigintcalc.sty
Package: bigintcalc 2019/12/15 v1.5 Expandable calculations on big integers (HO
)
))
\Fld@menulength=\count194
\Field@Width=\dimen147
\Fld@charsize=\dimen148
Package hyperref Info: Hyper figures OFF on input line 6430.
Package hyperref Info: Link nesting OFF on input line 6435.
Package hyperref Info: Hyper index ON on input line 6438.
Package hyperref Info: backreferencing OFF on input line 6445.
Package hyperref Info: Link coloring OFF on input line 6450.
Package hyperref Info: Link coloring with OCG OFF on input line 6455.
Package hyperref Info: PDF/A mode OFF on input line 6460.
LaTeX Info: Redefining \ref on input line 6500.
LaTeX Info: Redefining \pageref on input line 6504.

(/usr/local/texlive/2020/texmf-dist/tex/generic/atbegshi/atbegshi.sty
Package: atbegshi 2019/12/05 v1.19 At begin shipout hook (HO)
)
\Hy@abspage=\count195
\c@Item=\count196
\c@Hfootnote=\count197
)
Package hyperref Info: Driver (autodetected): hpdftex.

(/usr/local/texlive/2020/texmf-dist/tex/latex/hyperref/hpdftex.def
File: hpdftex.def 2020/01/14 v7.00d Hyperref driver for pdfTeX

(/usr/local/texlive/2020/texmf-dist/tex/latex/atveryend/atveryend.sty
Package: atveryend 2019-12-11 v1.11 Hooks at the very end of document (HO)
)
\Fld@listcount=\count198
\c@bookmark@seq@number=\count199

(/usr/local/texlive/2020/texmf-dist/tex/latex/rerunfilecheck/rerunfilecheck.sty
Package: rerunfilecheck 2019/12/05 v1.9 Rerun checks for auxiliary files (HO)

(/usr/local/texlive/2020/texmf-dist/tex/generic/uniquecounter/uniquecounter.sty
Package: uniquecounter 2019/12/15 v1.4 Provide unlimited unique counter (HO)
)
Package uniquecounter Info: New unique counter `rerunfilecheck' on input line 2
86.
)
\Hy@SectionHShift=\skip53
) (/usr/local/texlive/2020/texmf-dist/tex/latex/bookmark/bkm-pdftex.def
File: bkm-pdftex.def 2019/12/03 v1.28 bookmark driver for pdfTeX (HO)
\BKM@id=\count266
))
(/usr/local/texlive/2020/texmf-dist/tex/latex/geometry/geometry.sty
Package: geometry 2020/01/02 v5.9 Page Geometry

(/usr/local/texlive/2020/texmf-dist/tex/generic/iftex/ifvtex.sty
Package: ifvtex 2019/10/25 v1.7 ifvtex legacy package. Use iftex instead.
)
\Gm@cnth=\count267
\Gm@cntv=\count268
\c@Gm@tempcnt=\count269
\Gm@bindingoffset=\dimen149
\Gm@wd@mp=\dimen150
\Gm@odd@mp=\dimen151
\Gm@even@mp=\dimen152
\Gm@layoutwidth=\dimen153
\Gm@layoutheight=\dimen154
\Gm@layouthoffset=\dimen155
\Gm@layoutvoffset=\dimen156
\Gm@dimlist=\toks25
)
(/usr/local/texlive/2020/texmf-dist/tex/latex/graphics/graphicx.sty
Package: graphicx 2019/11/30 v1.2a Enhanced LaTeX Graphics (DPC,SPQR)

(/usr/local/texlive/2020/texmf-dist/tex/latex/graphics/graphics.sty
Package: graphics 2019/11/30 v1.4a Standard LaTeX Graphics (DPC,SPQR)

(/usr/local/texlive/2020/texmf-dist/tex/latex/graphics/trig.sty
Package: trig 2016/01/03 v1.10 sin cos tan (DPC)
)
(/usr/local/texlive/2020/texmf-dist/tex/latex/graphics-cfg/graphics.cfg
File: graphics.cfg 2016/06/04 v1.11 sample graphics configuration
)
Package graphics Info: Driver file: pdftex.def on input line 105.
)
\Gin@req@height=\dimen157
\Gin@req@width=\dimen158
)
(/usr/local/texlive/2020/texmf-dist/tex/latex/grffile/grffile.sty
Package: grffile 2019/11/11 v2.1 Extended file name support for graphics (legac
y)
Package grffile Info: This package is an empty stub for compatibility on input 
line 40.
)
(/usr/local/texlive/2020/texmf-dist/tex/latex/float/float.sty
Package: float 2001/11/08 v1.3d Float enhancements (AL)
\c@float@type=\count270
\float@exts=\toks26
\float@box=\box47
\@float@everytoks=\toks27
\@floatcapt=\box48
)
(/usr/local/texlive/2020/texmf-dist/tex/latex/setspace/setspace.sty
Package: setspace 2011/12/19 v6.7a set line spacing
)
(/usr/local/texlive/2020/texmf-dist/tex/latex/subfig/subfig.sty
Package: subfig 2005/06/28 ver: 1.3 subfig package

(/usr/local/texlive/2020/texmf-dist/tex/latex/caption/caption.sty
Package: caption 2020/01/03 v3.4h Customizing captions (AR)

(/usr/local/texlive/2020/texmf-dist/tex/latex/caption/caption3.sty
Package: caption3 2020/01/03 v1.8h caption3 kernel (AR)
Package caption3 Info: TeX engine: e-TeX on input line 61.
\captionmargin=\dimen159
\captionmargin@=\dimen160
\captionwidth=\dimen161
\caption@tempdima=\dimen162
\caption@indent=\dimen163
\caption@parindent=\dimen164
\caption@hangindent=\dimen165
Package caption Info: Standard document class detected.
)
\c@caption@flags=\count271
\c@continuedfloat=\count272
Package caption Info: float package is loaded.
Package caption Info: hyperref package is loaded.
)
\c@KVtest=\count273
\sf@farskip=\skip54
\sf@captopadj=\dimen166
\sf@capskip=\skip55
\sf@nearskip=\skip56
\c@subfigure=\count274
\c@subfigure@save=\count275
\c@lofdepth=\count276
\c@subtable=\count277
\c@subtable@save=\count278
\c@lotdepth=\count279
\sf@top=\skip57
\sf@bottom=\skip58
)
(/usr/local/texlive/2020/texmf-dist/tex/latex/amsfonts/eucal.sty
Package: eucal 2009/06/22 v3.00 Euler Script fonts
LaTeX Font Info:    Overwriting math alphabet `\EuScript' in version `bold'
(Font)                  U/eus/m/n --> U/eus/b/n on input line 33.
)
(/usr/local/texlive/2020/texmf-dist/tex/latex/l3backend/l3backend-pdfmode.def
File: l3backend-pdfmode.def 2020-03-12 L3 backend support: PDF mode
\l__kernel_color_stack_int=\count280
\l__pdf_internal_box=\box49
)

LaTeX Warning: Unused global option(s):
    [12].

No file paper.aux.
\openout1 = `paper.aux'.

LaTeX Font Info:    Checking defaults for OML/cmm/m/it on input line 88.
LaTeX Font Info:    ... okay on input line 88.
LaTeX Font Info:    Checking defaults for OMS/cmsy/m/n on input line 88.
LaTeX Font Info:    ... okay on input line 88.
LaTeX Font Info:    Checking defaults for OT1/cmr/m/n on input line 88.
LaTeX Font Info:    ... okay on input line 88.
LaTeX Font Info:    Checking defaults for T1/cmr/m/n on input line 88.
LaTeX Font Info:    ... okay on input line 88.
LaTeX Font Info:    Checking defaults for TS1/cmr/m/n on input line 88.
LaTeX Font Info:    ... okay on input line 88.
LaTeX Font Info:    Checking defaults for OMX/cmex/m/n on input line 88.
LaTeX Font Info:    ... okay on input line 88.
LaTeX Font Info:    Checking defaults for U/cmr/m/n on input line 88.
LaTeX Font Info:    ... okay on input line 88.
LaTeX Font Info:    Checking defaults for PD1/pdf/m/n on input line 88.
LaTeX Font Info:    ... okay on input line 88.
LaTeX Font Info:    Checking defaults for PU/pdf/m/n on input line 88.
LaTeX Font Info:    ... okay on input line 88.
LaTeX Info: Redefining \microtypecontext on input line 88.
Package microtype Info: Generating PDF output.
Package microtype Info: Character protrusion enabled (level 2).
Package microtype Info: Using protrusion set `basicmath'.
Package microtype Info: Automatic font expansion enabled (level 2),
(microtype)             stretch: 20, shrink: 20, step: 1, non-selected.
Package microtype Info: Using default expansion set `basictext'.
LaTeX Info: Redefining \showhyphens on input line 88.
Package microtype Info: No adjustment of tracking.
Package microtype Info: No adjustment of interword spacing.
Package microtype Info: No adjustment of character kerning.
(/usr/local/texlive/2020/texmf-dist/tex/latex/microtype/mt-cmr.cfg
File: mt-cmr.cfg 2013/05/19 v2.2 microtype config. file: Computer Modern Roman 
(RS)
)
(/usr/local/texlive/2020/texmf-dist/tex/context/base/mkii/supp-pdf.mkii
[Loading MPS to PDF converter (version 2006.09.02).]
\scratchcounter=\count281
\scratchdimen=\dimen167
\scratchbox=\box50
\nofMPsegments=\count282
\nofMParguments=\count283
\everyMPshowfont=\toks28
\MPscratchCnt=\count284
\MPscratchDim=\dimen168
\MPnumerator=\count285
\makeMPintoPDFobject=\count286
\everyMPtoPDFconversion=\toks29
) (/usr/local/texlive/2020/texmf-dist/tex/latex/epstopdf-pkg/epstopdf-base.sty
Package: epstopdf-base 2020-01-24 v2.11 Base part for package epstopdf
Package epstopdf-base Info: Redefining graphics rule for `.eps' on input line 4
85.

(/usr/local/texlive/2020/texmf-dist/tex/latex/latexconfig/epstopdf-sys.cfg
File: epstopdf-sys.cfg 2010/07/13 v1.3 Configuration of (r)epstopdf for TeX Liv
e
))
\AtBeginShipoutBox=\box51
Package hyperref Info: Link coloring OFF on input line 88.

(/usr/local/texlive/2020/texmf-dist/tex/latex/hyperref/nameref.sty
Package: nameref 2019/09/16 v2.46 Cross-referencing by name of section

(/usr/local/texlive/2020/texmf-dist/tex/latex/refcount/refcount.sty
Package: refcount 2019/12/15 v3.6 Data extraction from label references (HO)
)
(/usr/local/texlive/2020/texmf-dist/tex/generic/gettitlestring/gettitlestring.s
ty
Package: gettitlestring 2019/12/15 v1.6 Cleanup title references (HO)
)
\c@section@level=\count287
)
LaTeX Info: Redefining \ref on input line 88.
LaTeX Info: Redefining \pageref on input line 88.
LaTeX Info: Redefining \nameref on input line 88.

*geometry* driver: auto-detecting
*geometry* detected driver: pdftex
*geometry* verbose mode - [ preamble ] result:
* driver: pdftex
* paper: <default>
* layout: <same size as paper>
* layoutoffset:(h,v)=(0.0pt,0.0pt)
* modes: 
* h-part:(L,W,R)=(71.13188pt, 472.03123pt, 71.13188pt)
* v-part:(T,H,B)=(71.13188pt, 652.70622pt, 71.13188pt)
* \paperwidth=614.295pt
* \paperheight=794.96999pt
* \textwidth=472.03123pt
* \textheight=652.70622pt
* \oddsidemargin=-1.1381pt
* \evensidemargin=-1.1381pt
* \topmargin=-38.1381pt
* \headheight=12.0pt
* \headsep=25.0pt
* \topskip=10.0pt
* \footskip=30.0pt
* \marginparwidth=65.0pt
* \marginparsep=11.0pt
* \columnsep=10.0pt
* \skip\footins=9.0pt plus 4.0pt minus 2.0pt
* \hoffset=0.0pt
* \voffset=0.0pt
* \mag=1000
* \@twocolumnfalse
* \@twosidefalse
* \@mparswitchfalse
* \@reversemarginfalse
* (1in=72.27pt=25.4mm, 1cm=28.453pt)

Package caption Info: Begin \AtBeginDocument code.
Package caption Info: subfig package v1.3 is loaded.
Package caption Info: End \AtBeginDocument code.
LaTeX Font Info:    Trying to load font information for OT1+lmr on input line 9
0.
(/usr/local/texlive/2020/texmf-dist/tex/latex/lm/ot1lmr.fd
File: ot1lmr.fd 2009/10/30 v1.6 Font defs for Latin Modern
)
LaTeX Font Info:    Trying to load font information for OML+lmm on input line 9
0.

(/usr/local/texlive/2020/texmf-dist/tex/latex/lm/omllmm.fd
File: omllmm.fd 2009/10/30 v1.6 Font defs for Latin Modern
)
LaTeX Font Info:    Trying to load font information for OMS+lmsy on input line 
90.

(/usr/local/texlive/2020/texmf-dist/tex/latex/lm/omslmsy.fd
File: omslmsy.fd 2009/10/30 v1.6 Font defs for Latin Modern
)
LaTeX Font Info:    Trying to load font information for OMX+lmex on input line 
90.

(/usr/local/texlive/2020/texmf-dist/tex/latex/lm/omxlmex.fd
File: omxlmex.fd 2009/10/30 v1.6 Font defs for Latin Modern
)
LaTeX Font Info:    External font `lmex10' loaded for size
(Font)              <12> on input line 90.
LaTeX Font Info:    External font `lmex10' loaded for size
(Font)              <8> on input line 90.
LaTeX Font Info:    External font `lmex10' loaded for size
(Font)              <6> on input line 90.
LaTeX Font Info:    Trying to load font information for U+msa on input line 90.


(/usr/local/texlive/2020/texmf-dist/tex/latex/amsfonts/umsa.fd
File: umsa.fd 2013/01/14 v3.01 AMS symbols A
)
(/usr/local/texlive/2020/texmf-dist/tex/latex/microtype/mt-msa.cfg
File: mt-msa.cfg 2006/02/04 v1.1 microtype config. file: AMS symbols (a) (RS)
)
LaTeX Font Info:    Trying to load font information for U+msb on input line 90.


(/usr/local/texlive/2020/texmf-dist/tex/latex/amsfonts/umsb.fd
File: umsb.fd 2013/01/14 v3.01 AMS symbols B
)
(/usr/local/texlive/2020/texmf-dist/tex/latex/microtype/mt-msb.cfg
File: mt-msb.cfg 2005/06/01 v1.0 microtype config. file: AMS symbols (b) (RS)
)
LaTeX Font Info:    Trying to load font information for TS1+lmr on input line 9
0.

(/usr/local/texlive/2020/texmf-dist/tex/latex/lm/ts1lmr.fd
File: ts1lmr.fd 2009/10/30 v1.6 Font defs for Latin Modern
)
LaTeX Font Info:    External font `lmex10' loaded for size
(Font)              <5> on input line 90.
 [1

{/usr/local/texlive/2020/texmf-var/fonts/map/pdftex/updmap/pdftex.map}] [2]
LaTeX Font Info:    External font `lmex10' loaded for size
(Font)              <10> on input line 207.
LaTeX Font Info:    External font `lmex10' loaded for size
(Font)              <7> on input line 207.
LaTeX Font Info:    Trying to load font information for OT1+lmss on input line 
224.

(/usr/local/texlive/2020/texmf-dist/tex/latex/lm/ot1lmss.fd
File: ot1lmss.fd 2009/10/30 v1.6 Font defs for Latin Modern
)
Package microtype Info: Loading generic protrusion settings for font family
(microtype)             `lmss' (encoding: OT1).
(microtype)             For optimal results, create family-specific settings.
(microtype)             See the microtype manual for details.
 [3]
LaTeX Font Info:    Trying to load font information for U+eus on input line 302
.

(/usr/local/texlive/2020/texmf-dist/tex/latex/amsfonts/ueus.fd
File: ueus.fd 2013/01/14 v3.01 Euler Script
)
(/usr/local/texlive/2020/texmf-dist/tex/latex/microtype/mt-eus.cfg
File: mt-eus.cfg 2006/07/28 v1.2 microtype config. file: AMS Euler Script (RS)
)
</Users/julian/src/up/spd/written/logos/quantinar_logo.png, id=51, 380.42125pt 
x 352.31625pt>
File: /Users/julian/src/up/spd/written/logos/quantinar_logo.png Graphic file (t
ype png)
<use /Users/julian/src/up/spd/written/logos/quantinar_logo.png>
Package pdftex.def Info: /Users/julian/src/up/spd/written/logos/quantinar_logo.
png  used on input line 326.
(pdftex.def)             Requested size: 19.02217pt x 17.61684pt.


./paper.tex:337: Package inputenc Error: Unicode character ̈ (U+0308)
(inputenc)                not set up for use with LaTeX.

See the inputenc package documentation for explanation.
Type  H <return>  for immediate help.
 ...                                              
                                                  
l.337 way. Aı̈
                t-Sahalia et al. (2001) estimate PKs from S\&P500 options data
? 
[4 </Users/julian/src/up/spd/written/logos/quantinar_logo.png>]
</Users/julian/src/up/spd/plot/Skew_BTC_Open_Interest_cut.pdf, id=63, 845.04686
pt x 597.50786pt>
File: /Users/julian/src/up/spd/plot/Skew_BTC_Open_Interest_cut.pdf Graphic file
 (type pdf)
<use /Users/julian/src/up/spd/plot/Skew_BTC_Open_Interest_cut.pdf>
Package pdftex.def Info: /Users/julian/src/up/spd/plot/Skew_BTC_Open_Interest_c
ut.pdf  used on input line 396.
(pdftex.def)             Requested size: 424.83049pt x 300.38518pt.
 [5 </Users/julian/src/up/spd/plot/Skew_BTC_Open_Interest_cut.pdf, page is rota
ted 90 degrees>] [6]
</Users/julian/src/up/spd/written/logos/qletlogo_tr.png, id=91, 198.0198pt x 20
5.2468pt>
File: /Users/julian/src/up/spd/written/logos/qletlogo_tr.png Graphic file (type
 png)
<use /Users/julian/src/up/spd/written/logos/qletlogo_tr.png>
Package pdftex.def Info: /Users/julian/src/up/spd/written/logos/qletlogo_tr.png
  used on input line 574.
(pdftex.def)             Requested size: 9.90157pt x 10.26294pt.


LaTeX Warning: Reference `fig: iv_comparison' on page 7 undefined on input line
 596.


LaTeX Warning: Reference `fig: emp_ivsmile' on page 7 undefined on input line 6
03.

[7 </Users/julian/src/up/spd/written/logos/qletlogo_tr.png>]
</Users/julian/src/up/spd/plot/iv_comparison_up.png, id=99, 462.528pt x 346.896
pt>
File: /Users/julian/src/up/spd/plot/iv_comparison_up.png Graphic file (type png
)
<use /Users/julian/src/up/spd/plot/iv_comparison_up.png>
Package pdftex.def Info: /Users/julian/src/up/spd/plot/iv_comparison_up.png  us
ed on input line 634.
(pdftex.def)             Requested size: 462.54802pt x 346.91101pt.
File: /Users/julian/src/up/spd/written/logos/qletlogo_tr.png Graphic file (type
 png)
<use /Users/julian/src/up/spd/written/logos/qletlogo_tr.png>
Package pdftex.def Info: /Users/julian/src/up/spd/written/logos/qletlogo_tr.png
  used on input line 639.
(pdftex.def)             Requested size: 9.90157pt x 10.26294pt.
 [8]
</Users/julian/src/up/spd/plot/vola_2021-05-23.png, id=108, 867.24pt x 505.89pt
>
File: /Users/julian/src/up/spd/plot/vola_2021-05-23.png Graphic file (type png)

<use /Users/julian/src/up/spd/plot/vola_2021-05-23.png>
Package pdftex.def Info: /Users/julian/src/up/spd/plot/vola_2021-05-23.png  use
d on input line 645.
(pdftex.def)             Requested size: 472.03435pt x 275.35335pt.
 [9 </Users/julian/src/up/spd/plot/iv_comparison_up.png>]
</Users/julian/src/up/spd/plot/vola_2021-09-08.png, id=115, 867.24pt x 505.89pt
>
File: /Users/julian/src/up/spd/plot/vola_2021-09-08.png Graphic file (type png)

<use /Users/julian/src/up/spd/plot/vola_2021-09-08.png>
Package pdftex.def Info: /Users/julian/src/up/spd/plot/vola_2021-09-08.png  use
d on input line 653.
(pdftex.def)             Requested size: 472.03435pt x 275.35335pt.
File: /Users/julian/src/up/spd/written/logos/qletlogo_tr.png Graphic file (type
 png)
<use /Users/julian/src/up/spd/written/logos/qletlogo_tr.png>
Package pdftex.def Info: /Users/julian/src/up/spd/written/logos/qletlogo_tr.png
  used on input line 656.
(pdftex.def)             Requested size: 9.90157pt x 10.26294pt.
</Users/julian/src/up/spd/plot/term_structure_atm_options_on_-2022-01-010.08.pn
g, id=117, 462.528pt x 346.896pt>
File: /Users/julian/src/up/spd/plot/term_structure_atm_options_on_-2022-01-010.
08.png Graphic file (type png)
<use /Users/julian/src/up/spd/plot/term_structure_atm_options_on_-2022-01-010.0
8.png>
Package pdftex.def Info: /Users/julian/src/up/spd/plot/term_structure_atm_optio
ns_on_-2022-01-010.08.png  used on input line 662.
(pdftex.def)             Requested size: 202.3555pt x 151.76662pt.
</Users/julian/src/up/spd/plot/term_structure_atm_options_on_-2022-01-020.08.pn
g, id=118, 462.528pt x 346.896pt>
File: /Users/julian/src/up/spd/plot/term_structure_atm_options_on_-2022-01-020.
08.png Graphic file (type png)
<use /Users/julian/src/up/spd/plot/term_structure_atm_options_on_-2022-01-020.0
8.png>
Package pdftex.def Info: /Users/julian/src/up/spd/plot/term_structure_atm_optio
ns_on_-2022-01-020.08.png  used on input line 664.
(pdftex.def)             Requested size: 202.3555pt x 151.76662pt.
</Users/julian/src/up/spd/plot/term_structure_atm_options_on_-2022-01-030.08.pn
g, id=119, 462.528pt x 346.896pt>
File: /Users/julian/src/up/spd/plot/term_structure_atm_options_on_-2022-01-030.
08.png Graphic file (type png)
<use /Users/julian/src/up/spd/plot/term_structure_atm_options_on_-2022-01-030.0
8.png>
Package pdftex.def Info: /Users/julian/src/up/spd/plot/term_structure_atm_optio
ns_on_-2022-01-030.08.png  used on input line 666.
(pdftex.def)             Requested size: 202.3555pt x 151.76662pt.
</Users/julian/src/up/spd/plot/term_structure_atm_options_on_-2022-01-040.08.pn
g, id=120, 462.528pt x 346.896pt>
File: /Users/julian/src/up/spd/plot/term_structure_atm_options_on_-2022-01-040.
08.png Graphic file (type png)
<use /Users/julian/src/up/spd/plot/term_structure_atm_options_on_-2022-01-040.0
8.png>
Package pdftex.def Info: /Users/julian/src/up/spd/plot/term_structure_atm_optio
ns_on_-2022-01-040.08.png  used on input line 668.
(pdftex.def)             Requested size: 202.3555pt x 151.76662pt.
</Users/julian/src/up/spd/plot/term_structure_atm_options_on_-2022-01-050.08.pn
g, id=121, 462.528pt x 346.896pt>
File: /Users/julian/src/up/spd/plot/term_structure_atm_options_on_-2022-01-050.
08.png Graphic file (type png)
<use /Users/julian/src/up/spd/plot/term_structure_atm_options_on_-2022-01-050.0
8.png>
Package pdftex.def Info: /Users/julian/src/up/spd/plot/term_structure_atm_optio
ns_on_-2022-01-050.08.png  used on input line 673.
(pdftex.def)             Requested size: 202.3555pt x 151.76662pt.
</Users/julian/src/up/spd/plot/term_structure_atm_options_on_-2022-01-060.08.pn
g, id=122, 462.528pt x 346.896pt>
File: /Users/julian/src/up/spd/plot/term_structure_atm_options_on_-2022-01-060.
08.png Graphic file (type png)
<use /Users/julian/src/up/spd/plot/term_structure_atm_options_on_-2022-01-060.0
8.png>
Package pdftex.def Info: /Users/julian/src/up/spd/plot/term_structure_atm_optio
ns_on_-2022-01-060.08.png  used on input line 675.
(pdftex.def)             Requested size: 202.3555pt x 151.76662pt.
</Users/julian/src/up/spd/plot/term_structure_atm_options_on_-2022-01-070.08.pn
g, id=123, 462.528pt x 346.896pt>
File: /Users/julian/src/up/spd/plot/term_structure_atm_options_on_-2022-01-070.
08.png Graphic file (type png)
<use /Users/julian/src/up/spd/plot/term_structure_atm_options_on_-2022-01-070.0
8.png>
Package pdftex.def Info: /Users/julian/src/up/spd/plot/term_structure_atm_optio
ns_on_-2022-01-070.08.png  used on input line 677.
(pdftex.def)             Requested size: 202.3555pt x 151.76662pt.
</Users/julian/src/up/spd/plot/term_structure_atm_options_on_-2022-01-080.08.pn
g, id=124, 462.528pt x 346.896pt>
File: /Users/julian/src/up/spd/plot/term_structure_atm_options_on_-2022-01-080.
08.png Graphic file (type png)
<use /Users/julian/src/up/spd/plot/term_structure_atm_options_on_-2022-01-080.0
8.png>
Package pdftex.def Info: /Users/julian/src/up/spd/plot/term_structure_atm_optio
ns_on_-2022-01-080.08.png  used on input line 679.
(pdftex.def)             Requested size: 202.3555pt x 151.76662pt.


Package caption Warning: \captionsetup{type*=...} or \captionof
(caption)                outside box or environment on input line 682.
See the caption package documentation for explanation.


Package caption Warning: The option `hypcap=true' will be ignored for this
(caption)                particular \caption on input line 682.
See the caption package documentation for explanation.


Overfull \hbox (2.2222pt too wide) in paragraph at lines 660--682
[]$[]$ $[]$ 
 []

[10 </Users/julian/src/up/spd/plot/vola_2021-05-23.png> </Users/julian/src/up/s
pd/plot/vola_2021-09-08.png>]
File: /Users/julian/src/up/spd/written/logos/qletlogo_tr.png Graphic file (type
 png)
<use /Users/julian/src/up/spd/written/logos/qletlogo_tr.png>
Package pdftex.def Info: /Users/julian/src/up/spd/written/logos/qletlogo_tr.png
  used on input line 685.
(pdftex.def)             Requested size: 9.90157pt x 10.26294pt.
 [11 </Users/julian/src/up/spd/plot/term_structure_atm_options_on_-2022-01-010.
08.png> </Users/julian/src/up/spd/plot/term_structure_atm_options_on_-2022-01-0
20.08.png> </Users/julian/src/up/spd/plot/term_structure_atm_options_on_-2022-0
1-030.08.png> </Users/julian/src/up/spd/plot/term_structure_atm_options_on_-202
2-01-040.08.png> </Users/julian/src/up/spd/plot/term_structure_atm_options_on_-
2022-01-050.08.png> </Users/julian/src/up/spd/plot/term_structure_atm_options_o
n_-2022-01-060.08.png> </Users/julian/src/up/spd/plot/term_structure_atm_option
s_on_-2022-01-070.08.png> </Users/julian/src/up/spd/plot/term_structure_atm_opt
ions_on_-2022-01-080.08.png>]
</Users/julian/src/up/spd/plot/Pricing Kernel_over_time_nweeks=0.png, id=147, 8
67.24pt x 505.89pt>
File: /Users/julian/src/up/spd/plot/Pricing Kernel_over_time_nweeks=0.png Graph
ic file (type png)
<use /Users/julian/src/up/spd/plot/Pricing Kernel_over_time_nweeks=0.png>
Package pdftex.def Info: /Users/julian/src/up/spd/plot/Pricing Kernel_over_time
_nweeks=0.png  used on input line 741.
(pdftex.def)             Requested size: 472.03435pt x 275.35335pt.
 [12]
</Users/julian/src/up/spd/plot/Pricing Kernel_over_time_nweeks=1.png, id=153, 8
67.24pt x 505.89pt>
File: /Users/julian/src/up/spd/plot/Pricing Kernel_over_time_nweeks=1.png Graph
ic file (type png)
<use /Users/julian/src/up/spd/plot/Pricing Kernel_over_time_nweeks=1.png>
Package pdftex.def Info: /Users/julian/src/up/spd/plot/Pricing Kernel_over_time
_nweeks=1.png  used on input line 748.
(pdftex.def)             Requested size: 472.03435pt x 275.35335pt.
</Users/julian/src/up/spd/plot/Pricing Kernel_over_time_nweeks=2.png, id=154, 8
67.24pt x 505.89pt>
File: /Users/julian/src/up/spd/plot/Pricing Kernel_over_time_nweeks=2.png Graph
ic file (type png)
<use /Users/julian/src/up/spd/plot/Pricing Kernel_over_time_nweeks=2.png>
Package pdftex.def Info: /Users/julian/src/up/spd/plot/Pricing Kernel_over_time
_nweeks=2.png  used on input line 755.
(pdftex.def)             Requested size: 472.03435pt x 275.35335pt.
 [13 </Users/julian/src/up/spd/plot/Pricing Kernel_over_time_nweeks=0.png> </Us
ers/julian/src/up/spd/plot/Pricing Kernel_over_time_nweeks=1.png>]
</Users/julian/src/up/spd/plot/Pricing Kernel_over_time_nweeks=3.png, id=164, 8
67.24pt x 505.89pt>
File: /Users/julian/src/up/spd/plot/Pricing Kernel_over_time_nweeks=3.png Graph
ic file (type png)
<use /Users/julian/src/up/spd/plot/Pricing Kernel_over_time_nweeks=3.png>
Package pdftex.def Info: /Users/julian/src/up/spd/plot/Pricing Kernel_over_time
_nweeks=3.png  used on input line 762.
(pdftex.def)             Requested size: 472.03435pt x 275.35335pt.
</Users/julian/src/up/spd/plot/Pricing Kernel_over_time_nweeks=4.png, id=165, 8
67.24pt x 505.89pt>
File: /Users/julian/src/up/spd/plot/Pricing Kernel_over_time_nweeks=4.png Graph
ic file (type png)
<use /Users/julian/src/up/spd/plot/Pricing Kernel_over_time_nweeks=4.png>
Package pdftex.def Info: /Users/julian/src/up/spd/plot/Pricing Kernel_over_time
_nweeks=4.png  used on input line 769.
(pdftex.def)             Requested size: 472.03435pt x 275.35335pt.
 [14 </Users/julian/src/up/spd/plot/Pricing Kernel_over_time_nweeks=2.png> </Us
ers/julian/src/up/spd/plot/Pricing Kernel_over_time_nweeks=3.png>]
</Users/julian/src/up/spd/plot/Pricing Kernel_over_time_nweeks=8.png, id=174, 8
67.24pt x 505.89pt>
File: /Users/julian/src/up/spd/plot/Pricing Kernel_over_time_nweeks=8.png Graph
ic file (type png)
<use /Users/julian/src/up/spd/plot/Pricing Kernel_over_time_nweeks=8.png>
Package pdftex.def Info: /Users/julian/src/up/spd/plot/Pricing Kernel_over_time
_nweeks=8.png  used on input line 776.
(pdftex.def)             Requested size: 472.03435pt x 275.35335pt.
File: /Users/julian/src/up/spd/written/logos/qletlogo_tr.png Graphic file (type
 png)
<use /Users/julian/src/up/spd/written/logos/qletlogo_tr.png>
Package pdftex.def Info: /Users/julian/src/up/spd/written/logos/qletlogo_tr.png
  used on input line 778.
(pdftex.def)             Requested size: 9.90157pt x 10.26294pt.
 [15 </Users/julian/src/up/spd/plot/Pricing Kernel_over_time_nweeks=4.png> </Us
ers/julian/src/up/spd/plot/Pricing Kernel_over_time_nweeks=8.png>]

LaTeX Warning: Reference `fig:Bootstrapped Confidence Bands - 2 Days' on page 1
6 undefined on input line 793.


LaTeX Warning: Reference `fig:Bootstrapped Confidence Bands - 84 Days' on page 
16 undefined on input line 794.

</Users/julian/src/up/spd/plot/EPK_2021-12-31_0.0055.pdf, id=184, 722.7pt x 433
.62pt>
File: /Users/julian/src/up/spd/plot/EPK_2021-12-31_0.0055.pdf Graphic file (typ
e pdf)
<use /Users/julian/src/up/spd/plot/EPK_2021-12-31_0.0055.pdf>
Package pdftex.def Info: /Users/julian/src/up/spd/plot/EPK_2021-12-31_0.0055.pd
f  used on input line 845.
(pdftex.def)             Requested size: 216.81166pt x 130.087pt.

Package caption Warning: The option `hypcap=true' will be ignored for this
(caption)                particular \caption on input line 846.
See the caption package documentation for explanation.

</Users/julian/src/up/spd/plot/EPK_2021-12-31_0.0192.pdf, id=185, 722.7pt x 433
.62pt>
File: /Users/julian/src/up/spd/plot/EPK_2021-12-31_0.0192.pdf Graphic file (typ
e pdf)
<use /Users/julian/src/up/spd/plot/EPK_2021-12-31_0.0192.pdf>
Package pdftex.def Info: /Users/julian/src/up/spd/plot/EPK_2021-12-31_0.0192.pd
f  used on input line 849.
(pdftex.def)             Requested size: 216.81166pt x 130.087pt.

Package caption Warning: The option `hypcap=true' will be ignored for this
(caption)                particular \caption on input line 850.
See the caption package documentation for explanation.

</Users/julian/src/up/spd/plot/EPK_2021-12-31_0.0384.pdf, id=186, 722.7pt x 433
.62pt>
File: /Users/julian/src/up/spd/plot/EPK_2021-12-31_0.0384.pdf Graphic file (typ
e pdf)
<use /Users/julian/src/up/spd/plot/EPK_2021-12-31_0.0384.pdf>
Package pdftex.def Info: /Users/julian/src/up/spd/plot/EPK_2021-12-31_0.0384.pd
f  used on input line 853.
(pdftex.def)             Requested size: 216.81166pt x 130.087pt.

Package caption Warning: The option `hypcap=true' will be ignored for this
(caption)                particular \caption on input line 854.
See the caption package documentation for explanation.

</Users/julian/src/up/spd/plot/EPK_2021-12-31_0.0575.pdf, id=187, 722.7pt x 433
.62pt>
File: /Users/julian/src/up/spd/plot/EPK_2021-12-31_0.0575.pdf Graphic file (typ
e pdf)
<use /Users/julian/src/up/spd/plot/EPK_2021-12-31_0.0575.pdf>
Package pdftex.def Info: /Users/julian/src/up/spd/plot/EPK_2021-12-31_0.0575.pd
f  used on input line 857.
(pdftex.def)             Requested size: 216.81166pt x 130.087pt.

Package caption Warning: The option `hypcap=true' will be ignored for this
(caption)                particular \caption on input line 858.
See the caption package documentation for explanation.

</Users/julian/src/up/spd/plot/EPK_2021-12-31_0.0767.pdf, id=188, 722.7pt x 433
.62pt>
File: /Users/julian/src/up/spd/plot/EPK_2021-12-31_0.0767.pdf Graphic file (typ
e pdf)
<use /Users/julian/src/up/spd/plot/EPK_2021-12-31_0.0767.pdf>
Package pdftex.def Info: /Users/julian/src/up/spd/plot/EPK_2021-12-31_0.0767.pd
f  used on input line 864.
(pdftex.def)             Requested size: 216.81166pt x 130.087pt.

Package caption Warning: The option `hypcap=true' will be ignored for this
(caption)                particular \caption on input line 865.
See the caption package documentation for explanation.

</Users/julian/src/up/spd/plot/EPK_2021-12-31_0.1534.pdf, id=189, 722.7pt x 433
.62pt>
File: /Users/julian/src/up/spd/plot/EPK_2021-12-31_0.1534.pdf Graphic file (typ
e pdf)
<use /Users/julian/src/up/spd/plot/EPK_2021-12-31_0.1534.pdf>
Package pdftex.def Info: /Users/julian/src/up/spd/plot/EPK_2021-12-31_0.1534.pd
f  used on input line 868.
(pdftex.def)             Requested size: 216.81166pt x 130.087pt.

Package caption Warning: The option `hypcap=true' will be ignored for this
(caption)                particular \caption on input line 869.
See the caption package documentation for explanation.

</Users/julian/src/up/spd/plot/EPK_2021-12-31_0.2301.pdf, id=190, 722.7pt x 433
.62pt>
File: /Users/julian/src/up/spd/plot/EPK_2021-12-31_0.2301.pdf Graphic file (typ
e pdf)
<use /Users/julian/src/up/spd/plot/EPK_2021-12-31_0.2301.pdf>
Package pdftex.def Info: /Users/julian/src/up/spd/plot/EPK_2021-12-31_0.2301.pd
f  used on input line 872.
(pdftex.def)             Requested size: 216.81166pt x 130.087pt.

Package caption Warning: The option `hypcap=true' will be ignored for this
(caption)                particular \caption on input line 873.
See the caption package documentation for explanation.

File: /Users/julian/src/up/spd/written/logos/qletlogo_tr.png Graphic file (type
 png)
<use /Users/julian/src/up/spd/written/logos/qletlogo_tr.png>
Package pdftex.def Info: /Users/julian/src/up/spd/written/logos/qletlogo_tr.png
  used on input line 874.
(pdftex.def)             Requested size: 9.90157pt x 10.26294pt.

Overfull \hbox (2.2222pt too wide) in paragraph at lines 843--877
[]$[]$ $[]$ 
 []

[16] [17 </Users/julian/src/up/spd/plot/EPK_2021-12-31_0.0055.pdf> </Users/juli
an/src/up/spd/plot/EPK_2021-12-31_0.0192.pdf> </Users/julian/src/up/spd/plot/EP
K_2021-12-31_0.0384.pdf> </Users/julian/src/up/spd/plot/EPK_2021-12-31_0.0575.p
df> </Users/julian/src/up/spd/plot/EPK_2021-12-31_0.0767.pdf> </Users/julian/sr
c/up/spd/plot/EPK_2021-12-31_0.1534.pdf> </Users/julian/src/up/spd/plot/EPK_202
1-12-31_0.2301.pdf>]

./paper.tex:928: Package inputenc Error: Unicode character ̈ (U+0308)
(inputenc)                not set up for use with LaTeX.

See the inputenc package documentation for explanation.
Type  H <return>  for immediate help.
 ...                                              
                                                  
l.928 Aı̈
           t-Sahalia, Y., Wang, Y., \& Yared, F. (2001). Do option markets
? 
[18] [19]
Package atveryend Info: Empty hook `BeforeClearDocument' on input line 1156.
 [20]
Package atveryend Info: Empty hook `AfterLastShipout' on input line 1156.
 (./paper.aux)
Package atveryend Info: Executing hook `AtVeryEndDocument' on input line 1156.
Package atveryend Info: Empty hook `AtEndAfterFileList' on input line 1156.


LaTeX Warning: There were undefined references.


LaTeX Warning: Label(s) may have changed. Rerun to get cross-references right.

 ) 
Here is how much of TeX's memory you used:
 14718 strings out of 480608
 228289 string characters out of 5903629
 518790 words of memory out of 5000000
 30062 multiletter control sequences out of 15000+600000
 616692 words of font info for 155 fonts, out of 8000000 for 9000
 1141 hyphenation exceptions out of 8191
 50i,11n,48p,1138b,421s stack positions out of 5000i,500n,10000p,200000b,80000s
{/usr/local/texlive/2020/texmf-dist/fonts/enc/dvips/lm/lm-ec.enc}{/usr/local/
texlive/2020/texmf-dist/fonts/enc/dvips/lm/lm-ts1.enc}{/usr/local/texlive/2020/
texmf-dist/fonts/enc/dvips/lm/lm-mathit.enc}{/usr/local/texlive/2020/texmf-dist
/fonts/enc/dvips/lm/lm-rm.enc}{/usr/local/texlive/2020/texmf-dist/fonts/enc/dvi
ps/lm/lm-mathex.enc}{/usr/local/texlive/2020/texmf-dist/fonts/enc/dvips/lm/lm-m
athsy.enc}</usr/local/texlive/2020/texmf-dist/fonts/type1/public/amsfonts/euler
/eusm10.pfb></usr/local/texlive/2020/texmf-dist/fonts/type1/public/amsfonts/eul
er/eusm7.pfb></usr/local/texlive/2020/texmf-dist/fonts/type1/public/lm/lmbx10.p
fb></usr/local/texlive/2020/texmf-dist/fonts/type1/public/lm/lmbx12.pfb></usr/l
ocal/texlive/2020/texmf-dist/fonts/type1/public/lm/lmbx9.pfb></usr/local/texliv
e/2020/texmf-dist/fonts/type1/public/lm/lmex10.pfb></usr/local/texlive/2020/tex
mf-dist/fonts/type1/public/lm/lmmi10.pfb></usr/local/texlive/2020/texmf-dist/fo
nts/type1/public/lm/lmmi5.pfb></usr/local/texlive/2020/texmf-dist/fonts/type1/p
ublic/lm/lmmi7.pfb></usr/local/texlive/2020/texmf-dist/fonts/type1/public/lm/lm
r10.pfb></usr/local/texlive/2020/texmf-dist/fonts/type1/public/lm/lmr12.pfb></u
sr/local/texlive/2020/texmf-dist/fonts/type1/public/lm/lmr17.pfb></usr/local/te
xlive/2020/texmf-dist/fonts/type1/public/lm/lmr5.pfb></usr/local/texlive/2020/t
exmf-dist/fonts/type1/public/lm/lmr6.pfb></usr/local/texlive/2020/texmf-dist/fo
nts/type1/public/lm/lmr7.pfb></usr/local/texlive/2020/texmf-dist/fonts/type1/pu
blic/lm/lmr8.pfb></usr/local/texlive/2020/texmf-dist/fonts/type1/public/lm/lmr9
.pfb></usr/local/texlive/2020/texmf-dist/fonts/type1/public/lm/lmri10.pfb></usr
/local/texlive/2020/texmf-dist/fonts/type1/public/lm/lmss10.pfb></usr/local/tex
live/2020/texmf-dist/fonts/type1/public/lm/lmsy10.pfb></usr/local/texlive/2020/
texmf-dist/fonts/type1/public/lm/lmsy7.pfb></usr/local/texlive/2020/texmf-dist/
fonts/type1/public/amsfonts/symbols/msbm7.pfb>
Output written on paper.pdf (20 pages, 2314836 bytes).
PDF statistics:
 515 PDF objects out of 1000 (max. 8388607)
 409 compressed objects within 5 object streams
 109 named destinations out of 1000 (max. 500000)
 18704 words of extra memory for PDF output out of 20736 (max. 10000000)

